2019-03-13 01:36:14.164  INFO 5384 --- [main] c.g.e.d.api.ApiApplicationTests          : Starting ApiApplicationTests on 54NDR3 with PID 5384 (started by elton in /home/work/dev/e-disco-vinil)
2019-03-13 01:36:14.210 DEBUG 5384 --- [main] c.g.e.d.api.ApiApplicationTests          : Running with Spring Boot v2.1.3.RELEASE, Spring v5.1.5.RELEASE
2019-03-13 01:36:14.220  INFO 5384 --- [main] c.g.e.d.api.ApiApplicationTests          : No active profile set, falling back to default profiles: default
2019-03-13 01:36:33.961  WARN 5384 --- [main] aWebConfiguration$JpaWebMvcConfiguration : spring.jpa.open-in-view is enabled by default. Therefore, database queries may be performed during view rendering. Explicitly configure spring.jpa.open-in-view to disable this warning
2019-03-13 01:36:35.427 DEBUG 5384 --- [main] c.g.e.d.api.config.DocSwagger2Config     : Documentação api: com.github.eltonsandre.discosvinil.api
2019-03-13 01:36:35.466 DEBUG 5384 --- [main] c.g.e.d.api.config.DocSwagger2Config     : Documentação api metadata
2019-03-13 01:36:35.548 DEBUG 5384 --- [main] c.g.e.discosvinil.api.ApiApplication     : @Bean restTemplateClient
2019-03-13 01:36:36.603 DEBUG 5384 --- [main] o.s.web.client.RestTemplate              : HTTP POST https://accounts.spotify.com/api/token
2019-03-13 01:36:36.776 DEBUG 5384 --- [main] o.s.web.client.RestTemplate              : Accept=[application/json, application/*+json]
2019-03-13 01:36:36.781 DEBUG 5384 --- [main] o.s.web.client.RestTemplate              : Writing [{grant_type=[client_credentials]}] as "application/x-www-form-urlencoded"
2019-03-13 01:36:38.895 DEBUG 5384 --- [main] o.s.web.client.RestTemplate              : Response 200 OK
2019-03-13 01:36:38.899 DEBUG 5384 --- [main] o.s.web.client.RestTemplate              : Reading to [com.github.eltonsandre.discosvinil.api.service.client.spotify.Token]
2019-03-13 01:36:38.943 DEBUG 5384 --- [main] c.g.e.d.a.s.c.spotify.SpotifyClient      : ContentType: application/json - statusCode: 200 OK
2019-03-13 01:36:38.945 DEBUG 5384 --- [main] c.g.e.d.a.s.c.spotify.SpotifyClient      : response Body: Token(accessToken=BQAiSZHJczLg79wihfa-2kq4XgQ5aDwRTU139Vwkaj2F7_Q57V-ZwX9YV6Rqp68F2-kLJIxeswALCwCi9-k, tokenTtype=Bearer, expiresIn=3600, scope=, expireTime=2019-03-13T01:36:38.938651)
2019-03-13 01:36:43.000  INFO 5384 --- [main] c.g.e.d.api.ApiApplicationTests          : Started ApiApplicationTests in 31.644 seconds (JVM running for 35.845)
2019-03-13 01:36:44.501 DEBUG 5384 --- [main] c.g.e.d.api.util.MonetaryUtils           : valor: R$21,84
2019-03-13 01:36:44.706 DEBUG 5384 --- [main] c.g.e.d.api.util.MonetaryUtils           : valor: R$49,63
2019-03-13 01:36:44.719 DEBUG 5384 --- [main] c.g.e.d.api.util.MonetaryUtils           : valor: R$34,29
2019-03-13 01:36:44.742 DEBUG 5384 --- [main] c.g.e.d.api.util.MonetaryUtils           : valor: R$20,00
2019-03-13 01:37:41.580  INFO 5507 --- [main] c.g.e.d.api.ApiApplicationTests          : Starting ApiApplicationTests on 54NDR3 with PID 5507 (started by elton in /home/work/dev/e-disco-vinil)
2019-03-13 01:37:41.583 DEBUG 5507 --- [main] c.g.e.d.api.ApiApplicationTests          : Running with Spring Boot v2.1.3.RELEASE, Spring v5.1.5.RELEASE
2019-03-13 01:37:41.584  INFO 5507 --- [main] c.g.e.d.api.ApiApplicationTests          : No active profile set, falling back to default profiles: default
2019-03-13 01:38:06.230  WARN 5507 --- [main] aWebConfiguration$JpaWebMvcConfiguration : spring.jpa.open-in-view is enabled by default. Therefore, database queries may be performed during view rendering. Explicitly configure spring.jpa.open-in-view to disable this warning
2019-03-13 01:38:07.612 DEBUG 5507 --- [main] c.g.e.d.api.config.DocSwagger2Config     : Documentação api: com.github.eltonsandre.discosvinil.api
2019-03-13 01:38:07.628 DEBUG 5507 --- [main] c.g.e.d.api.config.DocSwagger2Config     : Documentação api metadata
2019-03-13 01:38:07.693 DEBUG 5507 --- [main] c.g.e.discosvinil.api.ApiApplication     : @Bean restTemplateClient
2019-03-13 01:38:08.487 DEBUG 5507 --- [main] o.s.web.client.RestTemplate              : HTTP POST https://accounts.spotify.com/api/token
2019-03-13 01:38:08.519 DEBUG 5507 --- [main] o.s.web.client.RestTemplate              : Accept=[application/json, application/*+json]
2019-03-13 01:38:08.531 DEBUG 5507 --- [main] o.s.web.client.RestTemplate              : Writing [{grant_type=[client_credentials]}] as "application/x-www-form-urlencoded"
2019-03-13 01:38:09.686 DEBUG 5507 --- [main] o.s.web.client.RestTemplate              : Response 200 OK
2019-03-13 01:38:09.689 DEBUG 5507 --- [main] o.s.web.client.RestTemplate              : Reading to [com.github.eltonsandre.discosvinil.api.service.client.spotify.Token]
2019-03-13 01:38:09.706 DEBUG 5507 --- [main] c.g.e.d.a.s.c.spotify.SpotifyClient      : ContentType: application/json - statusCode: 200 OK
2019-03-13 01:38:09.706 DEBUG 5507 --- [main] c.g.e.d.a.s.c.spotify.SpotifyClient      : response Body: Token(accessToken=BQCC5KcibWxix47S-8dgYzRmhFD-CXctUhAkVqzLz9u6D4eP6vGUDvCsHCwi4O7WNZsq7aD95d8yblgwyYs, tokenTtype=Bearer, expiresIn=3600, scope=, expireTime=2019-03-13T01:38:09.703203)
2019-03-13 01:38:14.883  INFO 5507 --- [main] c.g.e.d.api.ApiApplicationTests          : Started ApiApplicationTests in 35.186 seconds (JVM running for 44.904)
2019-03-13 01:39:10.851  INFO 5584 --- [main] c.g.e.d.a.r.CatalogoRepositoryTest       : Starting CatalogoRepositoryTest on 54NDR3 with PID 5584 (started by elton in /home/work/dev/e-disco-vinil)
2019-03-13 01:39:10.875 DEBUG 5584 --- [main] c.g.e.d.a.r.CatalogoRepositoryTest       : Running with Spring Boot v2.1.3.RELEASE, Spring v5.1.5.RELEASE
2019-03-13 01:39:10.897  INFO 5584 --- [main] c.g.e.d.a.r.CatalogoRepositoryTest       : No active profile set, falling back to default profiles: default
2019-03-13 01:39:23.064  INFO 5584 --- [main] c.g.e.d.a.r.CatalogoRepositoryTest       : Started CatalogoRepositoryTest in 14.638 seconds (JVM running for 18.489)
2019-03-13 01:39:23.410 DEBUG 5584 --- [main] c.g.e.d.api.util.MonetaryUtils           : valor: R$36,69
2019-03-13 01:43:43.124  INFO 5803 --- [main] c.g.e.d.a.r.CatalogoRepositoryTest       : Starting CatalogoRepositoryTest on 54NDR3 with PID 5803 (started by elton in /home/work/dev/e-disco-vinil)
2019-03-13 01:43:43.126 DEBUG 5803 --- [main] c.g.e.d.a.r.CatalogoRepositoryTest       : Running with Spring Boot v2.1.3.RELEASE, Spring v5.1.5.RELEASE
2019-03-13 01:43:43.126  INFO 5803 --- [main] c.g.e.d.a.r.CatalogoRepositoryTest       : The following profiles are active: test
2019-03-13 01:43:56.169  INFO 5803 --- [main] c.g.e.d.a.r.CatalogoRepositoryTest       : Started CatalogoRepositoryTest in 15.577 seconds (JVM running for 18.93)
2019-03-13 01:43:56.933 DEBUG 5803 --- [main] c.g.e.d.api.util.MonetaryUtils           : valor: R$45,44
2019-03-13 01:45:03.106  INFO 5880 --- [main] c.g.e.d.api.ApiApplicationTests          : Starting ApiApplicationTests on 54NDR3 with PID 5880 (started by elton in /home/work/dev/e-disco-vinil)
2019-03-13 01:45:03.114 DEBUG 5880 --- [main] c.g.e.d.api.ApiApplicationTests          : Running with Spring Boot v2.1.3.RELEASE, Spring v5.1.5.RELEASE
2019-03-13 01:45:03.119  INFO 5880 --- [main] c.g.e.d.api.ApiApplicationTests          : The following profiles are active: test
2019-03-13 01:45:19.023  WARN 5880 --- [main] aWebConfiguration$JpaWebMvcConfiguration : spring.jpa.open-in-view is enabled by default. Therefore, database queries may be performed during view rendering. Explicitly configure spring.jpa.open-in-view to disable this warning
2019-03-13 01:45:19.690 DEBUG 5880 --- [main] c.g.e.d.api.config.DocSwagger2Config     : Documentação api: com.github.eltonsandre.discosvinil.api
2019-03-13 01:45:19.742 DEBUG 5880 --- [main] c.g.e.d.api.config.DocSwagger2Config     : Documentação api metadata
2019-03-13 01:45:19.826 DEBUG 5880 --- [main] c.g.e.discosvinil.api.ApiApplication     : @Bean restTemplateClient
2019-03-13 01:45:20.320 DEBUG 5880 --- [main] o.s.web.client.RestTemplate              : HTTP POST https://accounts.spotify.com/api/token
2019-03-13 01:45:20.480 DEBUG 5880 --- [main] o.s.web.client.RestTemplate              : Accept=[application/json, application/*+json]
2019-03-13 01:45:20.483 DEBUG 5880 --- [main] o.s.web.client.RestTemplate              : Writing [{grant_type=[client_credentials]}] as "application/x-www-form-urlencoded"
2019-03-13 01:45:22.019 DEBUG 5880 --- [main] o.s.web.client.RestTemplate              : Response 200 OK
2019-03-13 01:45:22.024 DEBUG 5880 --- [main] o.s.web.client.RestTemplate              : Reading to [com.github.eltonsandre.discosvinil.api.service.client.spotify.Token]
2019-03-13 01:45:22.084 DEBUG 5880 --- [main] c.g.e.d.a.s.c.spotify.SpotifyClient      : ContentType: application/json - statusCode: 200 OK
2019-03-13 01:45:22.086 DEBUG 5880 --- [main] c.g.e.d.a.s.c.spotify.SpotifyClient      : response Body: Token(accessToken=BQAqmS_b_1q5zQLIxQxWTNgw8u1iB85gniKu_6hAC_r22h3tA5GYqhr2N1iBZus3hyZzWS0_-BgjvNDgry4, tokenTtype=Bearer, expiresIn=3600, scope=, expireTime=2019-03-13T01:45:22.079123)
2019-03-13 01:45:25.524  INFO 5880 --- [main] c.g.e.d.api.ApiApplicationTests          : Started ApiApplicationTests in 24.577 seconds (JVM running for 27.705)
2019-03-13 01:45:26.280  INFO 5880 --- [main] c.g.e.d.a.r.CatalogoRepositoryTest       : Starting CatalogoRepositoryTest on 54NDR3 with PID 5880 (started by elton in /home/work/dev/e-disco-vinil)
2019-03-13 01:45:26.283 DEBUG 5880 --- [main] c.g.e.d.a.r.CatalogoRepositoryTest       : Running with Spring Boot v2.1.3.RELEASE, Spring v5.1.5.RELEASE
2019-03-13 01:45:26.291  INFO 5880 --- [main] c.g.e.d.a.r.CatalogoRepositoryTest       : The following profiles are active: test
2019-03-13 01:45:28.048  INFO 5880 --- [main] c.g.e.d.a.r.CatalogoRepositoryTest       : Started CatalogoRepositoryTest in 1.948 seconds (JVM running for 30.228)
2019-03-13 01:45:28.163 DEBUG 5880 --- [main] c.g.e.d.api.util.MonetaryUtils           : valor: R$ 20,18
2019-03-13 01:45:28.977 DEBUG 5880 --- [main] c.g.e.d.api.util.MonetaryUtils           : valor: R$ 41,53
2019-03-13 01:45:29.059 DEBUG 5880 --- [main] c.g.e.d.api.util.MonetaryUtils           : valor: R$ 31,14
2019-03-13 01:45:29.065 DEBUG 5880 --- [main] c.g.e.d.api.util.MonetaryUtils           : valor: R$ 47,77
2019-03-13 01:45:29.084 DEBUG 5880 --- [main] c.g.e.d.api.util.MonetaryUtils           : valor: R$ 20,00
2019-03-13 01:53:03.754  INFO 6229 --- [main] c.g.e.d.a.r.CatalogoRepositoryTest       : Starting CatalogoRepositoryTest on 54NDR3 with PID 6229 (started by elton in /home/work/dev/e-disco-vinil)
2019-03-13 01:53:03.756 DEBUG 6229 --- [main] c.g.e.d.a.r.CatalogoRepositoryTest       : Running with Spring Boot v2.1.3.RELEASE, Spring v5.1.5.RELEASE
2019-03-13 01:53:03.759  INFO 6229 --- [main] c.g.e.d.a.r.CatalogoRepositoryTest       : The following profiles are active: test
2019-03-13 01:53:16.250  INFO 6229 --- [main] c.g.e.d.a.r.CatalogoRepositoryTest       : Started CatalogoRepositoryTest in 14.212 seconds (JVM running for 18.583)
2019-03-13 01:53:16.408 DEBUG 6229 --- [main] c.g.e.d.api.util.MonetaryUtils           : valor: R$33,68
2019-03-13 01:55:34.704  INFO 6353 --- [main] c.g.e.d.a.r.CatalogoRepositoryTest       : Starting CatalogoRepositoryTest on 54NDR3 with PID 6353 (started by elton in /home/work/dev/e-disco-vinil)
2019-03-13 01:55:34.712 DEBUG 6353 --- [main] c.g.e.d.a.r.CatalogoRepositoryTest       : Running with Spring Boot v2.1.3.RELEASE, Spring v5.1.5.RELEASE
2019-03-13 01:55:34.713  INFO 6353 --- [main] c.g.e.d.a.r.CatalogoRepositoryTest       : The following profiles are active: test
2019-03-13 01:55:45.819  INFO 6353 --- [main] c.g.e.d.a.r.CatalogoRepositoryTest       : Started CatalogoRepositoryTest in 13.59 seconds (JVM running for 18.755)
2019-03-13 01:55:45.923 DEBUG 6353 --- [main] c.g.e.d.api.util.MonetaryUtils           : valor: R$26,58
2019-03-13 01:55:45.927 DEBUG 6353 --- [main] c.g.e.d.api.util.MonetaryUtils           : valor: R$32,55
2019-03-13 01:58:32.786  INFO 6464 --- [main] c.g.e.d.a.r.CatalogoRepositoryTest       : Starting CatalogoRepositoryTest on 54NDR3 with PID 6464 (started by elton in /home/work/dev/e-disco-vinil)
2019-03-13 01:58:32.792 DEBUG 6464 --- [main] c.g.e.d.a.r.CatalogoRepositoryTest       : Running with Spring Boot v2.1.3.RELEASE, Spring v5.1.5.RELEASE
2019-03-13 01:58:32.795  INFO 6464 --- [main] c.g.e.d.a.r.CatalogoRepositoryTest       : The following profiles are active: test
2019-03-13 01:58:42.139  INFO 6464 --- [main] c.g.e.d.a.r.CatalogoRepositoryTest       : Started CatalogoRepositoryTest in 11.446 seconds (JVM running for 17.421)
2019-03-13 01:58:42.302 DEBUG 6464 --- [main] c.g.e.d.api.util.MonetaryUtils           : valor: R$50,89
2019-03-13 01:58:42.321 DEBUG 6464 --- [main] c.g.e.d.api.util.MonetaryUtils           : valor: R$20,19
2019-03-13 02:00:19.814  INFO 6552 --- [main] c.g.e.d.a.r.CatalogoRepositoryTest       : Starting CatalogoRepositoryTest on 54NDR3 with PID 6552 (started by elton in /home/work/dev/e-disco-vinil)
2019-03-13 02:00:19.820 DEBUG 6552 --- [main] c.g.e.d.a.r.CatalogoRepositoryTest       : Running with Spring Boot v2.1.3.RELEASE, Spring v5.1.5.RELEASE
2019-03-13 02:00:19.820  INFO 6552 --- [main] c.g.e.d.a.r.CatalogoRepositoryTest       : The following profiles are active: test
2019-03-13 02:00:29.397  INFO 6552 --- [main] c.g.e.d.a.r.CatalogoRepositoryTest       : Started CatalogoRepositoryTest in 11.354 seconds (JVM running for 16.732)
2019-03-13 02:00:29.505 DEBUG 6552 --- [main] c.g.e.d.api.util.MonetaryUtils           : valor: R$25,29
2019-03-13 02:00:29.511 DEBUG 6552 --- [main] c.g.e.d.api.util.MonetaryUtils           : valor: R$43,29
2019-03-13 02:01:27.599  INFO 6604 --- [main] c.g.e.d.a.r.CatalogoRepositoryTest       : Starting CatalogoRepositoryTest on 54NDR3 with PID 6604 (started by elton in /home/work/dev/e-disco-vinil)
2019-03-13 02:01:27.618 DEBUG 6604 --- [main] c.g.e.d.a.r.CatalogoRepositoryTest       : Running with Spring Boot v2.1.3.RELEASE, Spring v5.1.5.RELEASE
2019-03-13 02:01:27.621  INFO 6604 --- [main] c.g.e.d.a.r.CatalogoRepositoryTest       : The following profiles are active: test
2019-03-13 02:01:38.800  INFO 6604 --- [main] c.g.e.d.a.r.CatalogoRepositoryTest       : Started CatalogoRepositoryTest in 13.101 seconds (JVM running for 17.496)
2019-03-13 02:01:38.898 DEBUG 6604 --- [main] c.g.e.d.api.util.MonetaryUtils           : valor: R$38,26
2019-03-13 02:01:38.904 DEBUG 6604 --- [main] c.g.e.d.api.util.MonetaryUtils           : valor: R$45,90
2019-03-13 02:01:54.941  INFO 6638 --- [main] c.g.e.d.a.r.CatalogoRepositoryTest       : Starting CatalogoRepositoryTest on 54NDR3 with PID 6638 (started by elton in /home/work/dev/e-disco-vinil)
2019-03-13 02:01:54.943 DEBUG 6638 --- [main] c.g.e.d.a.r.CatalogoRepositoryTest       : Running with Spring Boot v2.1.3.RELEASE, Spring v5.1.5.RELEASE
2019-03-13 02:01:54.945  INFO 6638 --- [main] c.g.e.d.a.r.CatalogoRepositoryTest       : The following profiles are active: test
2019-03-13 02:02:13.294  INFO 6638 --- [main] c.g.e.d.a.r.CatalogoRepositoryTest       : Started CatalogoRepositoryTest in 20.599 seconds (JVM running for 27.608)
2019-03-13 02:02:13.592 DEBUG 6638 --- [main] c.g.e.d.api.util.MonetaryUtils           : valor: R$39,83
2019-03-13 02:02:13.604 DEBUG 6638 --- [main] c.g.e.d.api.util.MonetaryUtils           : valor: R$20,91
2019-03-13 02:02:36.044  INFO 6715 --- [main] c.g.e.d.api.ApiApplicationTests          : Starting ApiApplicationTests on 54NDR3 with PID 6715 (started by elton in /home/work/dev/e-disco-vinil)
2019-03-13 02:02:36.054 DEBUG 6715 --- [main] c.g.e.d.api.ApiApplicationTests          : Running with Spring Boot v2.1.3.RELEASE, Spring v5.1.5.RELEASE
2019-03-13 02:02:36.055  INFO 6715 --- [main] c.g.e.d.api.ApiApplicationTests          : The following profiles are active: test
2019-03-13 02:02:51.770  WARN 6715 --- [main] aWebConfiguration$JpaWebMvcConfiguration : spring.jpa.open-in-view is enabled by default. Therefore, database queries may be performed during view rendering. Explicitly configure spring.jpa.open-in-view to disable this warning
2019-03-13 02:02:52.654 DEBUG 6715 --- [main] c.g.e.d.api.config.DocSwagger2Config     : Documentação api: com.github.eltonsandre.discosvinil.api
2019-03-13 02:02:52.676 DEBUG 6715 --- [main] c.g.e.d.api.config.DocSwagger2Config     : Documentação api metadata
2019-03-13 02:02:52.747 DEBUG 6715 --- [main] c.g.e.discosvinil.api.ApiApplication     : @Bean restTemplateClient
2019-03-13 02:02:53.202 DEBUG 6715 --- [main] o.s.web.client.RestTemplate              : HTTP POST https://accounts.spotify.com/api/token
2019-03-13 02:02:53.379 DEBUG 6715 --- [main] o.s.web.client.RestTemplate              : Accept=[application/json, application/*+json]
2019-03-13 02:02:53.382 DEBUG 6715 --- [main] o.s.web.client.RestTemplate              : Writing [{grant_type=[client_credentials]}] as "application/x-www-form-urlencoded"
2019-03-13 02:02:54.441 DEBUG 6715 --- [main] o.s.web.client.RestTemplate              : Response 200 OK
2019-03-13 02:02:54.447 DEBUG 6715 --- [main] o.s.web.client.RestTemplate              : Reading to [com.github.eltonsandre.discosvinil.api.service.client.spotify.Token]
2019-03-13 02:02:54.515 DEBUG 6715 --- [main] c.g.e.d.a.s.c.spotify.SpotifyClient      : ContentType: application/json - statusCode: 200 OK
2019-03-13 02:02:54.518 DEBUG 6715 --- [main] c.g.e.d.a.s.c.spotify.SpotifyClient      : response Body: Token(accessToken=BQAsMIZUcTVPu9Dt4wAAB0I-wNZidvORDIlzfs1AQsHHyG_wbPJWCe_eYMpJZ5ehOya-0weYZJcaZlYiNKQ, tokenTtype=Bearer, expiresIn=3600, scope=, expireTime=2019-03-13T02:02:54.500038)
2019-03-13 02:02:57.858  INFO 6715 --- [main] c.g.e.d.api.ApiApplicationTests          : Started ApiApplicationTests in 23.797 seconds (JVM running for 26.786)
2019-03-13 02:02:58.926  INFO 6715 --- [main] c.g.e.d.a.r.CatalogoRepositoryTest       : Starting CatalogoRepositoryTest on 54NDR3 with PID 6715 (started by elton in /home/work/dev/e-disco-vinil)
2019-03-13 02:02:58.927 DEBUG 6715 --- [main] c.g.e.d.a.r.CatalogoRepositoryTest       : Running with Spring Boot v2.1.3.RELEASE, Spring v5.1.5.RELEASE
2019-03-13 02:02:58.927  INFO 6715 --- [main] c.g.e.d.a.r.CatalogoRepositoryTest       : The following profiles are active: test
2019-03-13 02:03:00.384  INFO 6715 --- [main] c.g.e.d.a.r.CatalogoRepositoryTest       : Started CatalogoRepositoryTest in 1.543 seconds (JVM running for 29.312)
2019-03-13 02:03:00.457 DEBUG 6715 --- [main] c.g.e.d.api.util.MonetaryUtils           : valor: R$ 31,29
2019-03-13 02:03:00.458 DEBUG 6715 --- [main] c.g.e.d.api.util.MonetaryUtils           : valor: R$ 30,65
2019-03-13 02:03:01.612 DEBUG 6715 --- [main] c.g.e.d.api.util.MonetaryUtils           : valor: R$ 35,31
2019-03-13 02:03:01.649 DEBUG 6715 --- [main] c.g.e.d.api.util.MonetaryUtils           : valor: R$ 49,84
2019-03-13 02:03:01.660 DEBUG 6715 --- [main] c.g.e.d.api.util.MonetaryUtils           : valor: R$ 25,28
2019-03-13 02:03:01.676 DEBUG 6715 --- [main] c.g.e.d.api.util.MonetaryUtils           : valor: R$ 20,00
